[L=0] Started server for node A on :5000
[L=0] Started server for node B on :5001
[L=0] Started server for node C on :5002
[L=1] Node B is requesting access to critical section
[L=3] Node C replying immediately to B
[L=3] Node A replying immediately to B
[L=2] Node B received reply from C (1/2)
[L=3] Node B received reply from A (2/2)
[L=3] Node B entering critical section (got 2/2 replies)
[L=3] Node B is in the critical section
[L=4] Node A is requesting access to critical section
[L=6] Node C replying immediately to A
[L=5] Node B deferring reply to A (local ts=1, req ts=4)
[L=5] Node A received reply from C (1/2)
[L=5] Node B is leaving the critical section
[L=5] Node B unblocked deferred request from A
[L=6] Node A received reply from B (2/2)
[L=6] Node A entering critical section (got 2/2 replies)
[L=6] Node A is in the critical section
[L=7] Node C is requesting access to critical section
[L=9] Node B replying immediately to C
[L=8] Node C received reply from B (1/2)
[L=8] Node A deferring reply to C (local ts=4, req ts=7)
[L=8] Node A is leaving the critical section
[L=8] Node A unblocked deferred request from C
[L=9] Node C received reply from A (2/2)
[L=9] Node C entering critical section (got 2/2 replies)
[L=9] Node C is in the critical section
[L=9] Node C is leaving the critical section
